C51 COMPILER V9.50a   TW2835_INIT                                                          02/18/2019 18:00:34 PAGE 1   


C51 COMPILER V9.50a, COMPILATION OF MODULE TW2835_INIT
OBJECT MODULE PLACED IN .\OBJ\TW2835_Init.obj
COMPILER INVOKED BY: C:\Keil\C51\BIN\C51.EXE TW2835_Init.c LARGE OPTIMIZE(9,SPEED) BROWSE DEBUG OBJECTEXTEND PRINT(.\OBJ
                    -\TW2835_Init.lst) TABS(2) OBJECT(.\OBJ\TW2835_Init.obj)

line level    source

   1          //  **************************************************************************
   2          //
   3          //       Copyright (c) 1992-2006 Professonal Computer Technology Co., Ltd
   4          //
   5          //      All rights are reserved. Reproduction in whole or in parts is
   6          //  prohibited without the prior written consent of the copyright owner.
   7          //  --------------------------------------------------------------------------
   8          //
   9          //  Module: TW2835_Init.C
  10          //
  11          //  Purpose: Implementation of TW2835_Init.
  12          //
  13          //  Version: 0.01                                   2006/10/31 05:42¤U¤È
  14          //
  15          //  Compiler: Keil 8051 C Compiler v7.2
  16          //
  17          //  Reference:
  18          //
  19          //
  20          //
  21          //  --------------------------------------------------------------------------
  22          //  Modification:
  23          //
  24          //  R0.01 2006/10/31 05:42¤U¤È Phoenix Chuang
  25          //  Reason:
  26          //    1. Original.
  27          //  Solution:
  28          //  
  29          //  **************************************************************************
  30          //  -----------------------------------
  31          //      Header Files
  32          //  ----------------------------------- 
  33          #include "types.h"
  34          #include "Timer.h"
  35          #include "TW2835_Init.h"
  36          #include "BusCtrl.h"
  37          #include "CommandShell.h"
  38          #include "TW28xx_Video.h"
  39          #include "OSDAction.h"
  40          
  41          #include "TW2835_Table.h"
  42          #include "Main.h"
  43          
  44          
  45          //  ------------------------------------
  46          //      Macro Definitions
  47          //  ------------------------------------ 
  48          
  49          
  50          //  ------------------------------------
  51          //      Type Definitions
  52          //  ------------------------------------
  53           #define NED
  54          
C51 COMPILER V9.50a   TW2835_INIT                                                          02/18/2019 18:00:34 PAGE 2   

  55          #ifdef NED
  56          sbit RSTn = P4 ^ 0;
  57          #else
              sbit RSTn = P3 ^ 4;
              #endif
  60          
  61          //  ------------------------------------
  62          //      Variables Definitions
  63          //  ------------------------------------
  64          
  65          
  66          //  ------------------------------------
  67          //      Function Prototypes
  68          //  ------------------------------------
  69          
  70          
  71          // ===========================================================================
  72          //                      Parallel function description
  73          // ===========================================================================
  74          //
  75          //  TW2835 IC Reset
  76          //
  77          void PCT_InitialTW2835(void)
  78          {
  79   1        PCT_TW2835ResetN();
  80   1        
  81   1        SYSTYPE = DEF_SYSTEM;
  82   1        /*
  83   1        // Waitting Color Lock
  84   1        EnUserTimer(USERTMID1,10);
  85   1        while(USERTMVAL1!=1) {
  86   1                        
  87   1                  if( (TW28_ReadByte(0, SENSORCHANNEL<<4)&0x0F) == 0x0F) 
  88   1                               {
  89   1                        SYSTYPE = PCT_DetectVideoFormat(SENSORCHANNEL);
  90   1                             // printf("Video_lock=%X",(TW28_ReadByte(0, SENSORCHANNEL<<4)&0x0F));  //ryan..
  91   1                            //  printf(" SYSTYPE=%X\r\n",SYSTYPE);  //ryan..
  92   1                             
  93   1                   break;
  94   1                       }
  95   1                  
  96   1                  Wait_ms(10);
  97   1      
  98   1                //printf("PCT_InitialTW2835_loop\r\n");  //ryan..       
  99   1        }
 100   1        */
 101   1        DisUserTimer(USERTMID1);
 102   1        
 103   1        PCT_TW2835_Initial();
 104   1           //printf("PCT_TW2835_Initial_done,systype=%d\r\n",SYSTYPE);  //ryan..
 105   1        PCT_InitialOSD();
 106   1           //printf("PCT_InitialOSD_done\r\n");  //ryan..
 107   1      }
 108          
 109          // ===========================================================================
 110          //
 111          //  TW2835 IC Reset
 112          //
 113          void PCT_TW2835ResetN(void)
 114          {
 115   1        register U16 _delay; 
 116   1      //Kane @HS 2007 0723 Ver3.4>>>>
C51 COMPILER V9.50a   TW2835_INIT                                                          02/18/2019 18:00:34 PAGE 3   

 117   1      #if 0
                // Initial RssetN for TW2835
                DELAY_FOR(5000);
                RSTn = 0;
                DELAY_FOR(10000);
                RSTn = 1;
                DELAY_FOR(5000);
                RSTn = 0;
                DELAY_FOR(10000);
                RSTn = 1;
                DELAY_FOR(5000);
              #endif
 129   1        RSTn = 0;
 130   1      //DELAY_FOR(1000);  
 131   1      
 132   1        DELAY_FOR(100);  
 133   1                 //    Wait_ms(1000);//ryan..
 134   1        RSTn = 1;
 135   1      //DELAY_FOR(1000);  
 136   1      
 137   1      //Kane @HS 2007 0723 Ver3.4<<<<
 138   1      }
 139          
 140          // ===========================================================================
 141          //
 142          //  Video Initial Procedure
 143          //
 144          void PCT_TW2835_Initial(void)
 145          {
 146   1        register U16 offset;
 147   1        
 148   1        offset = SYSTYPE * 256;
 149   1        TW28_WriteTable(0x00, 0x00, TW2835_Page0+offset, 192);
 150   1        TW28_WriteTable(0x01, 0x00, TW2835_Page1+offset, 160);
 151   1      
 152   1        TW28_WriteTable(0x01, 0x30, TW2835_Page1+offset+0x30, 32);
 153   1      
 154   1        TW28_WriteTable(0x01, 0xA0, TW2835_Page1+offset+0xA0, 16);
 155   1      }
 156          
 157          // ===========================================================================
 158          //
 159          //  Video Initial Procedure
 160          //
 161          void PCT_ChangeSystemType(U8 _sys)
 162          {
 163   1        register U16 offset;
 164   1        
 165   1        offset = _sys * 256;
 166   1        TW28_WriteTable(0x00, 0x00, TW2835_Page0+offset+0x00, 64);
 167   1      
 168   1        TW28_WriteTable(0x01, 0x30, TW2835_Page1+offset+0x30, 32);
 169   1      
 170   1        TW28_WriteTable(0x01, 0x00, TW2835_Page1+offset+0x00, 1);
 171   1        TW28_WriteTable(0x01, 0xA7, TW2835_Page1+offset+0xA7, 3);
 172   1      }
 173          
 174          // ===========================================================================
 175          //
 176          //
 177          //
 178          
C51 COMPILER V9.50a   TW2835_INIT                                                          02/18/2019 18:00:34 PAGE 4   

 179          
 180          // ===========================================================================
 181          // END of File 
 182          // ===========================================================================


MODULE INFORMATION:   STATIC OVERLAYABLE
   CODE SIZE        =    265    ----
   CONSTANT SIZE    =   1024    ----
   XDATA SIZE       =   ----       4
   PDATA SIZE       =   ----    ----
   DATA SIZE        =   ----    ----
   IDATA SIZE       =   ----    ----
   BIT SIZE         =   ----    ----
END OF MODULE INFORMATION.


C51 COMPILATION COMPLETE.  0 WARNING(S),  0 ERROR(S)
